{"level":"info","message":"This is an informational message."}
{"level":"error","message":"This is an error message."}
{"level":"info","message":"[Authenticate user] => login process started","timestamp":"2024-02-28T13:55:40.502Z"}
{"level":"error","message":"[Authenticate user] => Error in login process: TypeError: User.findOne is not a function","timestamp":"2024-02-28T13:55:40.506Z"}
{"level":"info","message":"[Authenticate user] => login process started","timestamp":"2024-02-28T13:56:26.622Z"}
{"level":"error","message":"[Authenticate user] => Error in login process: TypeError: User.findOne is not a function","timestamp":"2024-02-28T13:56:26.625Z"}
{"level":"info","message":"[Authenticate user] => login process started","timestamp":"2024-02-28T14:13:22.362Z"}
{"level":"error","message":"[Authenticate user] => Error in login process: TypeError: User.findOne is not a function","timestamp":"2024-02-28T14:13:22.372Z"}
{"level":"info","message":"[Authenticate user] => login process started","timestamp":"2024-02-28T18:42:25.565Z"}
{"level":"error","message":"[Authenticate user] => Error in login process: TypeError: User.findOne is not a function","timestamp":"2024-02-28T18:42:25.581Z"}
{"level":"info","message":"[Authenticate user] => login process started","timestamp":"2024-02-28T21:12:12.362Z"}
{"level":"error","message":"[Authenticate user] => Error in login process: TypeError: User.findOne is not a function","timestamp":"2024-02-28T21:12:12.365Z"}
{"level":"info","message":"[Authenticate user] => login process started","timestamp":"2024-02-28T21:12:18.325Z"}
{"level":"error","message":"[Authenticate user] => Error in login process: TypeError: User.findOne is not a function","timestamp":"2024-02-28T21:12:18.331Z"}
{"level":"info","message":"[Authenticate user] => login process started","timestamp":"2024-02-28T21:34:39.877Z"}
{"level":"error","message":"[Authenticate user] => Error in login process: TypeError: User.findOne is not a function","timestamp":"2024-02-28T21:34:39.888Z"}
{"level":"info","message":"[Authenticate user] => login process started","timestamp":"2024-02-28T21:34:53.389Z"}
{"level":"error","message":"[Authenticate user] => Error in login process: TypeError: User.findOne is not a function","timestamp":"2024-02-28T21:34:53.392Z"}
{"level":"info","message":"[Authenticate user] => login process started","timestamp":"2024-02-28T21:37:30.623Z"}
{"level":"error","message":"[Authenticate user] => Error in login process: TypeError: User.findOne is not a function","timestamp":"2024-02-28T21:37:30.633Z"}
{"level":"info","message":"[Authenticate user] => login process started","timestamp":"2024-02-28T22:38:35.038Z"}
{"level":"error","message":"[Authenticate user] => Error in login process: TypeError: User.findOne is not a function","timestamp":"2024-02-28T22:38:35.051Z"}
{"level":"info","message":"[Authenticate user] => login process started","timestamp":"2024-02-28T22:38:44.155Z"}
{"level":"error","message":"[Authenticate user] => Error in login process: TypeError: User.findOne is not a function","timestamp":"2024-02-28T22:38:44.157Z"}
{"level":"info","message":"[Authenticate user] => login process started","timestamp":"2024-02-28T22:39:13.768Z"}
{"level":"error","message":"[Authenticate user] => Error in login process: TypeError: User.findOne is not a function","timestamp":"2024-02-28T22:39:13.771Z"}
{"level":"info","message":"[Authenticate user] => login process started","timestamp":"2024-02-28T22:39:18.668Z"}
{"level":"error","message":"[Authenticate user] => Error in login process: TypeError: User.findOne is not a function","timestamp":"2024-02-28T22:39:18.671Z"}
{"level":"info","message":"[Authenticate user] => login process started","timestamp":"2024-02-28T22:39:25.365Z"}
{"level":"error","message":"[Authenticate user] => Error in login process: TypeError: User.findOne is not a function","timestamp":"2024-02-28T22:39:25.367Z"}
{"level":"info","message":"[Authenticate user] => login process started","timestamp":"2024-02-28T22:41:38.903Z"}
{"level":"error","message":"[Authenticate user] => Error in login process: TypeError: User.findOne is not a function","timestamp":"2024-02-28T22:41:38.907Z"}
{"level":"info","message":"[CreateUser] => Signup process started","timestamp":"2024-02-29T01:03:21.136Z"}
{"level":"info","message":"[CreateUser] => User with email damijosh@gmail.com created successfully","timestamp":"2024-02-29T01:03:21.330Z"}
{"level":"info","message":"[Authenticate user] => login process started","timestamp":"2024-02-29T01:03:39.763Z"}
{"level":"info","message":"[Authenticate user] => Login process successful","timestamp":"2024-02-29T01:03:39.922Z"}
{"level":"info","message":"[Authenticate user] => login process started","timestamp":"2024-02-29T01:14:31.971Z"}
{"level":"info","message":"[Authenticate user] => Login process successful","timestamp":"2024-02-29T01:14:32.130Z"}
{"level":"info","message":"[Authenticate user] => login process started","timestamp":"2024-02-29T01:20:24.082Z"}
{"level":"info","message":"[Authenticate user] => Login process successful","timestamp":"2024-02-29T01:20:24.266Z"}
{"level":"info","message":"[Authenticate user] => login process started","timestamp":"2024-02-29T03:12:01.293Z"}
{"level":"info","message":"[Authenticate user] => Login process successful","timestamp":"2024-02-29T03:12:01.524Z"}
{"level":"info","message":"[Authenticate user] => login process started","timestamp":"2024-02-29T06:59:59.104Z"}
{"level":"info","message":"[Authenticate user] => Login process successful","timestamp":"2024-02-29T06:59:59.275Z"}
{"level":"info","message":"[Authenticate user] => login process started","timestamp":"2024-02-29T11:08:55.056Z"}
{"level":"info","message":"[Authenticate user] => Login process successful","timestamp":"2024-02-29T11:08:55.232Z"}
{"level":"info","message":"[Authenticate user] => login process started","timestamp":"2024-03-01T13:18:10.863Z"}
{"level":"info","message":"[Authenticate user] => Login process successful","timestamp":"2024-03-01T13:18:11.201Z"}
{"level":"info","message":"[Authenticate user] => login process started","timestamp":"2024-03-01T17:02:20.881Z"}
{"level":"info","message":"[Authenticate user] => Login process successful","timestamp":"2024-03-01T17:02:21.065Z"}
{"level":"info","message":"[Authenticate user] => login process started","timestamp":"2024-03-01T17:54:28.250Z"}
{"level":"info","message":"[Authenticate user] => Login process successful","timestamp":"2024-03-01T17:54:28.464Z"}
{"level":"info","message":"[Authenticate user] => login process started","timestamp":"2024-03-02T10:11:04.242Z"}
{"level":"info","message":"[Authenticate user] => Login process successful","timestamp":"2024-03-02T10:11:04.591Z"}
{"level":"info","message":"[Authenticate user] => login process started","timestamp":"2024-03-02T10:17:26.591Z"}
{"level":"info","message":"[Authenticate user] => Login process successful","timestamp":"2024-03-02T10:17:26.964Z"}
{"level":"info","message":"[Authenticate user] => login process started","timestamp":"2024-03-02T13:31:57.112Z"}
{"level":"info","message":"[Authenticate user] => Login process successful","timestamp":"2024-03-02T13:31:57.265Z"}
{"level":"info","message":"[Authenticate user] => login process started","timestamp":"2024-03-02T14:25:23.050Z"}
{"level":"info","message":"[Authenticate user] => Login process successful","timestamp":"2024-03-02T14:25:23.297Z"}
{"level":"info","message":"[Authenticate user] => login process started","timestamp":"2024-03-02T15:02:48.220Z"}
{"level":"info","message":"[Authenticate user] => Login process successful","timestamp":"2024-03-02T15:02:48.438Z"}
{"level":"info","message":"[Authenticate user] => login process started","timestamp":"2024-03-02T15:13:15.675Z"}
{"level":"info","message":"[Authenticate user] => Login process successful","timestamp":"2024-03-02T15:13:15.868Z"}
{"level":"info","message":"[Authenticate user] => login process started","timestamp":"2024-03-02T15:33:31.961Z"}
{"level":"info","message":"[Authenticate user] => Login process successful","timestamp":"2024-03-02T15:33:32.103Z"}
{"level":"info","message":"[Authenticate user] => login process started","timestamp":"2024-03-02T15:40:57.201Z"}
{"level":"info","message":"[Authenticate user] => Login process successful","timestamp":"2024-03-02T15:40:57.403Z"}
{"level":"info","message":"[Authenticate user] => login process started","timestamp":"2024-03-02T15:48:44.476Z"}
{"level":"info","message":"[Authenticate user] => Login process successful","timestamp":"2024-03-02T15:48:44.660Z"}
{"level":"info","message":"[Authenticate user] => login process started","timestamp":"2024-03-02T15:55:34.288Z"}
{"level":"info","message":"[Authenticate user] => Login process successful","timestamp":"2024-03-02T15:55:34.426Z"}
{"level":"info","message":"[Authenticate user] => login process started","timestamp":"2024-03-02T16:01:30.107Z"}
{"level":"info","message":"[Authenticate user] => Login process successful","timestamp":"2024-03-02T16:01:30.308Z"}
{"level":"info","message":"[Authenticate user] => login process started","timestamp":"2024-03-02T16:06:12.213Z"}
{"level":"info","message":"[Authenticate user] => Login process successful","timestamp":"2024-03-02T16:06:12.361Z"}
{"level":"info","message":"[Authenticate user] => login process started","timestamp":"2024-03-02T16:11:40.396Z"}
{"level":"info","message":"[Authenticate user] => Login process successful","timestamp":"2024-03-02T16:11:40.525Z"}
{"level":"info","message":"[Authenticate user] => login process started","timestamp":"2024-03-05T11:31:05.119Z"}
{"level":"info","message":"[Authenticate user] => Login process successful","timestamp":"2024-03-05T11:31:05.547Z"}
{"level":"info","message":"[Authenticate user] => login process started","timestamp":"2024-03-05T11:31:39.786Z"}
{"level":"info","message":"[Authenticate user] => Login process successful","timestamp":"2024-03-05T11:31:40.024Z"}
{"level":"info","message":"[Authenticate user] => login process started","timestamp":"2024-03-05T12:00:25.008Z"}
{"level":"info","message":"[Authenticate user] => Login process successful","timestamp":"2024-03-05T12:00:25.273Z"}
{"level":"info","message":"[Authenticate user] => login process started","timestamp":"2024-03-05T12:05:49.435Z"}
{"level":"info","message":"[Authenticate user] => Login process successful","timestamp":"2024-03-05T12:05:49.782Z"}
{"level":"info","message":"[Authenticate user] => login process started","timestamp":"2024-03-05T12:17:51.376Z"}
{"level":"info","message":"[Authenticate user] => Login process successful","timestamp":"2024-03-05T12:17:51.655Z"}
{"level":"info","message":"[Authenticate user] => login process started","timestamp":"2024-03-05T12:28:33.576Z"}
{"level":"info","message":"[Authenticate user] => Login process successful","timestamp":"2024-03-05T12:28:33.882Z"}
{"level":"info","message":"[Authenticate user] => login process started","timestamp":"2024-03-05T12:39:51.235Z"}
{"level":"info","message":"[Authenticate user] => Login process successful","timestamp":"2024-03-05T12:39:51.385Z"}
{"level":"info","message":"[Authenticate user] => login process started","timestamp":"2024-03-05T13:06:12.398Z"}
{"level":"info","message":"[Authenticate user] => Login process successful","timestamp":"2024-03-05T13:06:12.550Z"}
{"level":"info","message":"[Authenticate user] => login process started","timestamp":"2024-03-05T13:15:05.842Z"}
{"level":"info","message":"[Authenticate user] => Login process successful","timestamp":"2024-03-05T13:15:05.984Z"}
{"level":"info","message":"[Authenticate user] => login process started","timestamp":"2024-03-05T13:16:53.429Z"}
{"level":"info","message":"[Authenticate user] => Login process successful","timestamp":"2024-03-05T13:16:53.577Z"}
{"level":"info","message":"[Authenticate user] => login process started","timestamp":"2024-03-05T13:48:00.215Z"}
{"level":"info","message":"[Authenticate user] => Login process successful","timestamp":"2024-03-05T13:48:00.365Z"}
{"level":"info","message":"[Authenticate user] => login process started","timestamp":"2024-03-05T14:13:13.830Z"}
{"level":"info","message":"[Authenticate user] => Login process successful","timestamp":"2024-03-05T14:13:14.049Z"}
{"level":"info","message":"[Authenticate user] => login process started","timestamp":"2024-03-05T14:42:22.574Z"}
{"level":"info","message":"[Authenticate user] => Login process successful","timestamp":"2024-03-05T14:42:22.835Z"}
{"level":"info","message":"[Authenticate user] => login process started","timestamp":"2024-03-05T15:11:25.616Z"}
{"level":"info","message":"[Authenticate user] => Login process successful","timestamp":"2024-03-05T15:11:25.814Z"}
{"level":"info","message":"[Authenticate user] => login process started","timestamp":"2024-03-07T06:36:20.311Z"}
{"level":"info","message":"[Authenticate user] => Login process successful","timestamp":"2024-03-07T06:36:20.455Z"}
{"level":"info","message":"[Authenticate user] => login process started","timestamp":"2024-03-07T07:34:57.955Z"}
{"level":"info","message":"[Authenticate user] => Login process successful","timestamp":"2024-03-07T07:34:58.185Z"}
{"level":"info","message":"[Authenticate user] => login process started","timestamp":"2024-03-07T08:35:35.216Z"}
{"level":"info","message":"[Authenticate user] => Login process successful","timestamp":"2024-03-07T08:35:35.398Z"}
{"level":"info","message":"[Authenticate user] => login process started","timestamp":"2024-03-07T08:41:30.876Z"}
{"level":"info","message":"[Authenticate user] => Login process successful","timestamp":"2024-03-07T08:41:31.540Z"}
{"level":"info","message":"[Authenticate user] => login process started","timestamp":"2024-03-07T09:20:15.764Z"}
{"level":"info","message":"[Authenticate user] => Login process successful","timestamp":"2024-03-07T09:20:16.015Z"}
{"level":"info","message":"[Authenticate user] => login process started","timestamp":"2024-03-07T10:26:40.597Z"}
{"level":"info","message":"[Authenticate user] => Login process successful","timestamp":"2024-03-07T10:26:41.186Z"}
{"level":"info","message":"[Authenticate user] => login process started","timestamp":"2024-03-07T11:38:28.535Z"}
{"level":"info","message":"[Authenticate user] => Login process successful","timestamp":"2024-03-07T11:38:28.692Z"}
{"level":"info","message":"[Authenticate user] => login process started","timestamp":"2024-03-07T11:39:39.129Z"}
{"level":"info","message":"[Authenticate user] => Login process successful","timestamp":"2024-03-07T11:39:39.245Z"}
{"level":"info","message":"[Authenticate user] => login process started","timestamp":"2024-03-07T11:53:06.964Z"}
{"level":"info","message":"[Authenticate user] => Login process successful","timestamp":"2024-03-07T11:53:07.081Z"}
{"level":"info","message":"[Authenticate user] => login process started","timestamp":"2024-03-08T12:58:16.269Z"}
{"level":"info","message":"[Authenticate user] => Login process successful","timestamp":"2024-03-08T12:58:16.421Z"}
{"level":"info","message":"[Authenticate user] => login process started","timestamp":"2024-03-08T12:59:01.872Z"}
{"level":"info","message":"[Authenticate user] => Login process successful","timestamp":"2024-03-08T12:59:02.026Z"}
{"level":"info","message":"[Authenticate user] => login process started","timestamp":"2024-03-08T13:00:35.371Z"}
{"level":"info","message":"[Authenticate user] => Login process successful","timestamp":"2024-03-08T13:00:35.500Z"}
{"level":"info","message":"[Authenticate user] => login process started","timestamp":"2024-03-08T13:01:26.698Z"}
{"level":"info","message":"[Authenticate user] => Login process successful","timestamp":"2024-03-08T13:01:26.821Z"}
{"level":"info","message":"[Authenticate user] => login process started","timestamp":"2024-03-08T13:02:23.067Z"}
{"level":"info","message":"[Authenticate user] => Login process successful","timestamp":"2024-03-08T13:02:23.236Z"}
{"level":"info","message":"[CreateUser] => Signup process started","timestamp":"2024-03-08T13:03:11.867Z"}
{"level":"info","message":"[CreateUser] => User with email popoola2@gmail.com created successfully","timestamp":"2024-03-08T13:03:12.061Z"}
{"level":"info","message":"[Authenticate user] => login process started","timestamp":"2024-03-08T13:03:34.398Z"}
{"level":"info","message":"[Authenticate user] => login process started","timestamp":"2024-03-08T13:03:45.729Z"}
{"level":"info","message":"[Authenticate user] => login process started","timestamp":"2024-03-08T13:04:01.466Z"}
{"level":"info","message":"[Authenticate user] => login process started","timestamp":"2024-03-08T13:04:18.571Z"}
{"level":"info","message":"[Authenticate user] => Login process successful","timestamp":"2024-03-08T13:04:18.687Z"}
{"level":"info","message":"[Authenticate user] => login process started","timestamp":"2024-03-08T13:11:19.329Z"}
{"level":"info","message":"[Authenticate user] => Login process successful","timestamp":"2024-03-08T13:11:19.457Z"}
{"level":"info","message":"[Authenticate user] => login process started","timestamp":"2024-03-09T10:45:39.326Z"}
{"level":"info","message":"[Authenticate user] => Login process successful","timestamp":"2024-03-09T10:45:39.470Z"}
{"level":"info","message":"[Authenticate user] => login process started","timestamp":"2024-03-09T11:40:34.882Z"}
{"level":"info","message":"[Authenticate user] => Login process successful","timestamp":"2024-03-09T11:40:35.311Z"}
{"level":"info","message":"[Authenticate user] => login process started","timestamp":"2024-03-09T12:04:52.867Z"}
{"level":"info","message":"[Authenticate user] => Login process successful","timestamp":"2024-03-09T12:04:53.001Z"}
{"level":"info","message":"[Authenticate user] => login process started","timestamp":"2024-03-09T12:14:22.638Z"}
{"level":"info","message":"[Authenticate user] => Login process successful","timestamp":"2024-03-09T12:14:22.786Z"}
{"level":"info","message":"[Authenticate user] => login process started","timestamp":"2024-03-09T12:25:30.452Z"}
{"level":"info","message":"[Authenticate user] => Login process successful","timestamp":"2024-03-09T12:25:30.638Z"}
{"level":"info","message":"[Authenticate user] => login process started","timestamp":"2024-03-09T12:37:48.999Z"}
{"level":"info","message":"[Authenticate user] => Login process successful","timestamp":"2024-03-09T12:37:49.190Z"}
{"level":"info","message":"[Authenticate user] => login process started","timestamp":"2024-03-09T12:49:02.075Z"}
{"level":"info","message":"[Authenticate user] => Login process successful","timestamp":"2024-03-09T12:49:02.342Z"}
{"level":"info","message":"[Authenticate user] => login process started","timestamp":"2024-03-09T13:16:44.737Z"}
{"level":"info","message":"[Authenticate user] => Login process successful","timestamp":"2024-03-09T13:16:44.939Z"}
{"level":"info","message":"[Authenticate user] => login process started","timestamp":"2024-03-12T10:28:57.512Z"}
{"level":"info","message":"[Authenticate user] => Login process successful","timestamp":"2024-03-12T10:28:57.651Z"}
{"level":"info","message":"[Authenticate user] => login process started","timestamp":"2024-03-12T10:39:56.181Z"}
{"level":"info","message":"[Authenticate user] => Login process successful","timestamp":"2024-03-12T10:39:56.327Z"}
{"level":"info","message":"[Authenticate user] => login process started","timestamp":"2024-03-12T10:43:03.089Z"}
{"level":"info","message":"[Authenticate user] => Login process successful","timestamp":"2024-03-12T10:43:03.229Z"}
{"level":"info","message":"[Authenticate user] => login process started","timestamp":"2024-03-12T10:45:44.923Z"}
{"level":"info","message":"[Authenticate user] => Login process successful","timestamp":"2024-03-12T10:45:45.051Z"}
{"level":"info","message":"[Authenticate user] => login process started","timestamp":"2024-03-12T11:11:34.052Z"}
{"level":"info","message":"[Authenticate user] => Login process successful","timestamp":"2024-03-12T11:11:34.232Z"}
{"level":"info","message":"[Authenticate user] => login process started","timestamp":"2024-03-12T11:17:53.809Z"}
{"level":"info","message":"[Authenticate user] => Login process successful","timestamp":"2024-03-12T11:17:53.957Z"}
{"level":"info","message":"[Authenticate user] => login process started","timestamp":"2024-03-12T16:27:43.078Z"}
{"level":"info","message":"[Authenticate user] => Login process successful","timestamp":"2024-03-12T16:27:43.211Z"}
{"level":"info","message":"[Authenticate user] => login process started","timestamp":"2024-03-12T19:33:17.277Z"}
{"level":"info","message":"[Authenticate user] => Login process successful","timestamp":"2024-03-12T19:33:17.485Z"}
{"level":"info","message":"[Authenticate user] => login process started","timestamp":"2024-03-13T05:33:51.981Z"}
{"level":"info","message":"[Authenticate user] => Login process successful","timestamp":"2024-03-13T05:33:52.230Z"}
{"level":"info","message":"[Authenticate user] => login process started","timestamp":"2024-03-13T07:50:22.763Z"}
{"level":"info","message":"[Authenticate user] => Login process successful","timestamp":"2024-03-13T07:50:22.969Z"}
{"level":"info","message":"[Authenticate user] => login process started","timestamp":"2024-03-13T08:38:31.492Z"}
{"level":"info","message":"[Authenticate user] => Login process successful","timestamp":"2024-03-13T08:38:31.722Z"}
{"level":"info","message":"[Authenticate user] => login process started","timestamp":"2024-03-13T11:23:25.622Z"}
{"level":"info","message":"[Authenticate user] => Login process successful","timestamp":"2024-03-13T11:23:25.767Z"}
{"level":"info","message":"[Authenticate user] => login process started","timestamp":"2024-03-14T01:11:47.971Z"}
{"level":"info","message":"[Authenticate user] => Login process successful","timestamp":"2024-03-14T01:11:48.120Z"}
{"level":"info","message":"[Authenticate user] => login process started","timestamp":"2024-03-14T02:05:29.130Z"}
{"level":"info","message":"[Authenticate user] => Login process successful","timestamp":"2024-03-14T02:05:29.310Z"}
{"level":"info","message":"[Authenticate user] => login process started","timestamp":"2024-03-14T02:15:16.127Z"}
{"level":"info","message":"[Authenticate user] => Login process successful","timestamp":"2024-03-14T02:15:16.289Z"}
{"level":"info","message":"[Authenticate user] => login process started","timestamp":"2024-03-14T02:21:32.253Z"}
{"level":"info","message":"[Authenticate user] => Login process successful","timestamp":"2024-03-14T02:21:32.435Z"}
{"level":"info","message":"[Authenticate user] => login process started","timestamp":"2024-03-14T02:35:53.796Z"}
{"level":"info","message":"[Authenticate user] => Login process successful","timestamp":"2024-03-14T02:35:53.926Z"}
{"level":"info","message":"[Authenticate user] => login process started","timestamp":"2024-03-14T02:40:51.327Z"}
{"level":"info","message":"[Authenticate user] => Login process successful","timestamp":"2024-03-14T02:40:51.473Z"}
{"level":"info","message":"[Authenticate user] => login process started","timestamp":"2024-03-14T02:45:19.871Z"}
{"level":"info","message":"[Authenticate user] => Login process successful","timestamp":"2024-03-14T02:45:19.994Z"}
{"level":"info","message":"[Authenticate user] => login process started","timestamp":"2024-03-14T02:50:32.375Z"}
{"level":"info","message":"[Authenticate user] => Login process successful","timestamp":"2024-03-14T02:50:32.509Z"}
{"level":"info","message":"[Authenticate user] => login process started","timestamp":"2024-03-14T03:01:23.793Z"}
{"level":"info","message":"[Authenticate user] => Login process successful","timestamp":"2024-03-14T03:01:23.907Z"}
{"level":"info","message":"[Authenticate user] => login process started","timestamp":"2024-03-14T03:07:10.448Z"}
{"level":"info","message":"[Authenticate user] => Login process successful","timestamp":"2024-03-14T03:07:10.569Z"}
{"level":"info","message":"[Authenticate user] => login process started","timestamp":"2024-03-14T03:14:46.106Z"}
{"level":"info","message":"[Authenticate user] => Login process successful","timestamp":"2024-03-14T03:14:46.219Z"}
{"level":"info","message":"[Authenticate user] => login process started","timestamp":"2024-03-14T04:17:15.193Z"}
{"level":"info","message":"[Authenticate user] => Login process successful","timestamp":"2024-03-14T04:17:15.388Z"}
{"level":"info","message":"[Authenticate user] => login process started","timestamp":"2024-03-14T05:10:17.607Z"}
{"level":"info","message":"[Authenticate user] => Login process successful","timestamp":"2024-03-14T05:10:17.795Z"}
{"level":"info","message":"[Authenticate user] => login process started","timestamp":"2024-03-14T05:49:49.999Z"}
{"level":"info","message":"[Authenticate user] => Login process successful","timestamp":"2024-03-14T05:49:50.210Z"}
{"level":"info","message":"[Authenticate user] => login process started","timestamp":"2024-03-14T06:01:50.876Z"}
{"level":"info","message":"[Authenticate user] => Login process successful","timestamp":"2024-03-14T06:01:51.032Z"}
{"level":"info","message":"[Authenticate user] => login process started","timestamp":"2024-03-14T06:05:27.096Z"}
{"level":"info","message":"[Authenticate user] => Login process successful","timestamp":"2024-03-14T06:05:27.313Z"}
{"level":"info","message":"[Authenticate user] => login process started","timestamp":"2024-03-14T07:16:17.402Z"}
{"level":"info","message":"[Authenticate user] => Login process successful","timestamp":"2024-03-14T07:16:17.551Z"}
{"level":"info","message":"[Authenticate user] => login process started","timestamp":"2024-03-14T08:56:57.871Z"}
{"level":"info","message":"[Authenticate user] => Login process successful","timestamp":"2024-03-14T08:56:58.132Z"}
{"level":"info","message":"[Authenticate user] => login process started","timestamp":"2024-03-14T08:57:20.945Z"}
{"level":"info","message":"[Authenticate user] => Login process successful","timestamp":"2024-03-14T08:57:21.134Z"}
{"level":"info","message":"[Authenticate user] => login process started","timestamp":"2024-03-14T09:25:58.320Z"}
{"level":"info","message":"[Authenticate user] => Login process successful","timestamp":"2024-03-14T09:25:58.467Z"}
{"level":"info","message":"[Authenticate user] => login process started","timestamp":"2024-03-14T09:48:29.012Z"}
{"level":"info","message":"[Authenticate user] => Login process successful","timestamp":"2024-03-14T09:48:29.147Z"}
{"level":"info","message":"[Authenticate user] => login process started","timestamp":"2024-03-14T09:53:46.175Z"}
{"level":"info","message":"[Authenticate user] => Login process successful","timestamp":"2024-03-14T09:53:46.341Z"}
{"level":"info","message":"[Authenticate user] => login process started","timestamp":"2024-03-14T10:08:36.901Z"}
{"level":"info","message":"[Authenticate user] => Login process successful","timestamp":"2024-03-14T10:08:37.176Z"}
{"level":"info","message":"[Authenticate user] => login process started","timestamp":"2024-03-14T10:15:55.139Z"}
{"level":"info","message":"[Authenticate user] => Login process successful","timestamp":"2024-03-14T10:15:55.429Z"}
{"level":"info","message":"[Authenticate user] => login process started","timestamp":"2024-03-14T10:24:40.458Z"}
{"level":"info","message":"[Authenticate user] => Login process successful","timestamp":"2024-03-14T10:24:40.598Z"}
{"level":"info","message":"[Authenticate user] => login process started","timestamp":"2024-03-14T10:27:27.742Z"}
{"level":"info","message":"[Authenticate user] => Login process successful","timestamp":"2024-03-14T10:27:27.953Z"}
{"level":"info","message":"[Authenticate user] => login process started","timestamp":"2024-03-14T10:38:58.921Z"}
{"level":"info","message":"[Authenticate user] => Login process successful","timestamp":"2024-03-14T10:38:59.069Z"}
{"level":"info","message":"[Authenticate user] => login process started","timestamp":"2024-03-14T11:32:03.411Z"}
{"level":"info","message":"[Authenticate user] => Login process successful","timestamp":"2024-03-14T11:32:03.618Z"}
{"level":"info","message":"[Authenticate user] => login process started","timestamp":"2024-03-14T17:55:38.518Z"}
{"level":"info","message":"[Authenticate user] => Login process successful","timestamp":"2024-03-14T17:55:38.699Z"}
{"level":"info","message":"[Authenticate user] => login process started","timestamp":"2024-03-14T18:34:31.273Z"}
{"level":"info","message":"[Authenticate user] => Login process successful","timestamp":"2024-03-14T18:34:31.623Z"}
{"level":"info","message":"[Authenticate user] => login process started","timestamp":"2024-03-14T18:49:34.309Z"}
{"level":"info","message":"[Authenticate user] => Login process successful","timestamp":"2024-03-14T18:49:34.564Z"}
{"level":"info","message":"[Authenticate user] => login process started","timestamp":"2024-03-14T21:05:41.042Z"}
{"level":"info","message":"[Authenticate user] => Login process successful","timestamp":"2024-03-14T21:05:41.214Z"}
{"level":"info","message":"[Authenticate user] => login process started","timestamp":"2024-03-19T15:06:18.908Z"}
{"level":"info","message":"[Authenticate user] => Login process successful","timestamp":"2024-03-19T15:06:19.118Z"}
{"level":"info","message":"[Authenticate user] => login process started","timestamp":"2024-03-19T16:02:29.773Z"}
{"level":"info","message":"[Authenticate user] => Login process successful","timestamp":"2024-03-19T16:02:30.025Z"}
{"level":"info","message":"[Authenticate user] => login process started","timestamp":"2024-03-19T16:46:35.502Z"}
{"level":"info","message":"[Authenticate user] => Login process successful","timestamp":"2024-03-19T16:46:35.681Z"}
{"level":"info","message":"[Authenticate user] => login process started","timestamp":"2024-03-19T16:48:50.218Z"}
{"level":"info","message":"[Authenticate user] => Login process successful","timestamp":"2024-03-19T16:48:50.346Z"}
{"level":"info","message":"[Authenticate user] => login process started","timestamp":"2024-03-19T18:00:30.183Z"}
{"level":"info","message":"[Authenticate user] => Login process successful","timestamp":"2024-03-19T18:00:30.411Z"}
{"level":"info","message":"[Authenticate user] => login process started","timestamp":"2024-03-19T18:29:14.371Z"}
{"level":"info","message":"[Authenticate user] => Login process successful","timestamp":"2024-03-19T18:29:14.690Z"}
{"level":"info","message":"[Authenticate user] => login process started","timestamp":"2024-03-19T20:09:49.682Z"}
{"level":"info","message":"[Authenticate user] => Login process successful","timestamp":"2024-03-19T20:09:49.969Z"}
{"level":"info","message":"[Authenticate user] => login process started","timestamp":"2024-03-19T20:39:20.012Z"}
{"level":"info","message":"[Authenticate user] => Login process successful","timestamp":"2024-03-19T20:39:20.151Z"}
{"level":"info","message":"[Authenticate user] => login process started","timestamp":"2024-03-19T20:42:02.280Z"}
{"level":"info","message":"[Authenticate user] => Login process successful","timestamp":"2024-03-19T20:42:02.397Z"}
{"level":"info","message":"[Authenticate user] => login process started","timestamp":"2024-03-19T20:48:14.096Z"}
{"level":"info","message":"[Authenticate user] => Login process successful","timestamp":"2024-03-19T20:48:14.335Z"}
{"level":"info","message":"[Authenticate user] => login process started","timestamp":"2024-03-19T20:53:40.631Z"}
{"level":"info","message":"[Authenticate user] => Login process successful","timestamp":"2024-03-19T20:53:40.836Z"}
{"level":"info","message":"[Authenticate user] => login process started","timestamp":"2024-03-20T02:05:19.733Z"}
{"level":"info","message":"[Authenticate user] => Login process successful","timestamp":"2024-03-20T02:05:19.910Z"}
{"level":"info","message":"[Authenticate user] => login process started","timestamp":"2024-03-20T02:30:03.928Z"}
{"level":"info","message":"[Authenticate user] => Login process successful","timestamp":"2024-03-20T02:30:04.183Z"}
{"level":"info","message":"[Authenticate user] => login process started","timestamp":"2024-03-20T02:39:37.845Z"}
{"level":"info","message":"[Authenticate user] => Login process successful","timestamp":"2024-03-20T02:39:38.192Z"}
{"level":"info","message":"[Authenticate user] => login process started","timestamp":"2024-03-20T02:55:16.784Z"}
{"level":"info","message":"[Authenticate user] => Login process successful","timestamp":"2024-03-20T02:55:17.004Z"}
{"level":"info","message":"[Authenticate user] => login process started","timestamp":"2024-03-20T03:53:54.561Z"}
{"level":"info","message":"[Authenticate user] => Login process successful","timestamp":"2024-03-20T03:53:54.709Z"}
{"level":"info","message":"[Authenticate user] => login process started","timestamp":"2024-03-20T04:58:06.070Z"}
{"level":"info","message":"[Authenticate user] => Login process successful","timestamp":"2024-03-20T04:58:06.265Z"}
{"level":"info","message":"[Authenticate user] => login process started","timestamp":"2024-03-20T05:14:47.355Z"}
{"level":"info","message":"[Authenticate user] => Login process successful","timestamp":"2024-03-20T05:14:47.605Z"}
{"level":"info","message":"[Authenticate user] => login process started","timestamp":"2024-03-20T08:18:29.945Z"}
{"level":"info","message":"[Authenticate user] => Login process successful","timestamp":"2024-03-20T08:18:30.102Z"}
{"level":"info","message":"[Authenticate user] => login process started","timestamp":"2024-03-20T08:40:50.842Z"}
{"level":"info","message":"[Authenticate user] => Login process successful","timestamp":"2024-03-20T08:40:51.012Z"}
{"level":"info","message":"[Authenticate user] => login process started","timestamp":"2024-03-20T10:58:40.882Z"}
{"level":"info","message":"[Authenticate user] => Login process successful","timestamp":"2024-03-20T10:58:41.048Z"}
{"level":"info","message":"[Authenticate user] => login process started","timestamp":"2024-03-20T11:00:38.716Z"}
{"level":"info","message":"[Authenticate user] => Login process successful","timestamp":"2024-03-20T11:00:38.912Z"}
{"level":"info","message":"[Authenticate user] => login process started","timestamp":"2024-03-20T11:22:22.085Z"}
{"level":"info","message":"[Authenticate user] => Login process successful","timestamp":"2024-03-20T11:22:22.263Z"}
{"level":"info","message":"[Authenticate user] => login process started","timestamp":"2024-03-20T11:26:10.552Z"}
{"level":"info","message":"[Authenticate user] => Login process successful","timestamp":"2024-03-20T11:26:10.757Z"}
{"level":"info","message":"[Authenticate user] => login process started","timestamp":"2024-03-20T11:33:13.667Z"}
{"level":"info","message":"[Authenticate user] => Login process successful","timestamp":"2024-03-20T11:33:13.894Z"}
{"level":"info","message":"[Authenticate user] => login process started","timestamp":"2024-03-20T12:45:10.067Z"}
{"level":"info","message":"[Authenticate user] => Login process successful","timestamp":"2024-03-20T12:45:10.272Z"}
{"level":"info","message":"[Authenticate user] => login process started","timestamp":"2024-03-20T12:49:58.296Z"}
{"level":"info","message":"[Authenticate user] => Login process successful","timestamp":"2024-03-20T12:49:58.558Z"}
{"level":"info","message":"[Authenticate user] => login process started","timestamp":"2024-03-20T12:59:41.515Z"}
{"level":"info","message":"[Authenticate user] => Login process successful","timestamp":"2024-03-20T12:59:41.776Z"}
{"level":"info","message":"[Authenticate user] => login process started","timestamp":"2024-03-20T13:03:39.518Z"}
{"level":"info","message":"[Authenticate user] => Login process successful","timestamp":"2024-03-20T13:03:39.817Z"}
{"level":"info","message":"[Authenticate user] => login process started","timestamp":"2024-03-20T13:10:34.381Z"}
{"level":"info","message":"[Authenticate user] => Login process successful","timestamp":"2024-03-20T13:10:34.531Z"}
{"level":"info","message":"[Authenticate user] => login process started","timestamp":"2024-03-20T13:18:54.746Z"}
{"level":"info","message":"[Authenticate user] => Login process successful","timestamp":"2024-03-20T13:18:54.985Z"}
{"level":"info","message":"[Authenticate user] => login process started","timestamp":"2024-03-20T16:22:23.771Z"}
{"level":"info","message":"[Authenticate user] => Login process successful","timestamp":"2024-03-20T16:22:24.073Z"}
{"level":"info","message":"[Authenticate user] => login process started","timestamp":"2024-03-20T16:49:09.129Z"}
{"level":"info","message":"[Authenticate user] => Login process successful","timestamp":"2024-03-20T16:49:09.281Z"}
{"level":"info","message":"[Authenticate user] => login process started","timestamp":"2024-03-20T16:53:50.018Z"}
{"level":"info","message":"[Authenticate user] => Login process successful","timestamp":"2024-03-20T16:53:50.163Z"}
{"level":"info","message":"[Authenticate user] => login process started","timestamp":"2024-03-20T17:02:36.266Z"}
{"level":"info","message":"[Authenticate user] => Login process successful","timestamp":"2024-03-20T17:02:36.502Z"}
{"level":"info","message":"[Authenticate user] => login process started","timestamp":"2024-03-20T18:36:50.921Z"}
{"level":"info","message":"[Authenticate user] => Login process successful","timestamp":"2024-03-20T18:36:51.147Z"}
{"level":"info","message":"[Authenticate user] => login process started","timestamp":"2024-03-20T19:52:19.277Z"}
{"level":"info","message":"[Authenticate user] => Login process successful","timestamp":"2024-03-20T19:52:19.512Z"}
{"level":"info","message":"[Authenticate user] => login process started","timestamp":"2024-03-20T20:26:30.959Z"}
{"level":"info","message":"[Authenticate user] => Login process successful","timestamp":"2024-03-20T20:26:31.170Z"}
{"level":"info","message":"[Authenticate user] => login process started","timestamp":"2024-03-20T20:46:50.520Z"}
{"level":"info","message":"[Authenticate user] => Login process successful","timestamp":"2024-03-20T20:46:50.673Z"}
{"level":"info","message":"[Authenticate user] => login process started","timestamp":"2024-03-20T23:06:02.534Z"}
{"level":"info","message":"[Authenticate user] => Login process successful","timestamp":"2024-03-20T23:06:02.713Z"}
{"level":"info","message":"[Authenticate user] => login process started","timestamp":"2024-03-20T23:11:35.755Z"}
{"level":"info","message":"[Authenticate user] => Login process successful","timestamp":"2024-03-20T23:11:35.874Z"}
{"level":"info","message":"[Authenticate user] => login process started","timestamp":"2024-03-21T00:51:15.575Z"}
{"level":"info","message":"[Authenticate user] => Login process successful","timestamp":"2024-03-21T00:51:15.814Z"}
{"level":"info","message":"[Authenticate user] => login process started","timestamp":"2024-03-21T01:08:55.913Z"}
{"level":"info","message":"[Authenticate user] => Login process successful","timestamp":"2024-03-21T01:08:56.231Z"}
{"level":"info","message":"[Authenticate user] => login process started","timestamp":"2024-03-21T01:43:17.277Z"}
{"level":"info","message":"[Authenticate user] => Login process successful","timestamp":"2024-03-21T01:43:17.495Z"}
{"level":"info","message":"[Authenticate user] => login process started","timestamp":"2024-03-21T02:10:51.777Z"}
{"level":"info","message":"[Authenticate user] => Login process successful","timestamp":"2024-03-21T02:10:52.003Z"}
{"level":"info","message":"[Authenticate user] => login process started","timestamp":"2024-03-21T02:12:36.400Z"}
{"level":"info","message":"[Authenticate user] => Login process successful","timestamp":"2024-03-21T02:12:36.599Z"}
{"level":"info","message":"[Authenticate user] => login process started","timestamp":"2024-03-21T02:15:03.367Z"}
{"level":"info","message":"[Authenticate user] => Login process successful","timestamp":"2024-03-21T02:15:04.751Z"}
{"level":"info","message":"[Authenticate user] => login process started","timestamp":"2024-03-21T02:47:39.401Z"}
{"level":"info","message":"[Authenticate user] => Login process successful","timestamp":"2024-03-21T02:47:39.551Z"}
{"level":"info","message":"[Authenticate user] => login process started","timestamp":"2024-03-21T03:11:03.290Z"}
{"level":"info","message":"[Authenticate user] => Login process successful","timestamp":"2024-03-21T03:11:03.546Z"}
{"level":"info","message":"[Authenticate user] => login process started","timestamp":"2024-03-21T03:19:57.999Z"}
{"level":"info","message":"[Authenticate user] => Login process successful","timestamp":"2024-03-21T03:19:58.269Z"}
{"level":"info","message":"[Authenticate user] => login process started","timestamp":"2024-03-21T03:25:51.842Z"}
{"level":"info","message":"[Authenticate user] => Login process successful","timestamp":"2024-03-21T03:25:52.028Z"}
{"level":"info","message":"[Authenticate user] => login process started","timestamp":"2024-03-21T03:31:14.051Z"}
{"level":"info","message":"[Authenticate user] => Login process successful","timestamp":"2024-03-21T03:31:14.221Z"}
{"level":"info","message":"[Authenticate user] => login process started","timestamp":"2024-03-21T06:21:22.258Z"}
{"level":"info","message":"[Authenticate user] => Login process successful","timestamp":"2024-03-21T06:21:22.520Z"}
{"level":"info","message":"[Authenticate user] => login process started","timestamp":"2024-03-21T07:21:36.862Z"}
{"level":"info","message":"[Authenticate user] => Login process successful","timestamp":"2024-03-21T07:21:37.025Z"}
{"level":"info","message":"[Authenticate user] => login process started","timestamp":"2024-03-21T09:08:03.767Z"}
{"level":"info","message":"[Authenticate user] => Login process successful","timestamp":"2024-03-21T09:08:04.026Z"}
{"level":"info","message":"[Authenticate user] => login process started","timestamp":"2024-03-21T09:31:12.200Z"}
{"level":"info","message":"[Authenticate user] => Login process successful","timestamp":"2024-03-21T09:31:12.532Z"}
{"level":"info","message":"[Authenticate user] => login process started","timestamp":"2024-03-21T10:28:13.287Z"}
{"level":"info","message":"[Authenticate user] => Login process successful","timestamp":"2024-03-21T10:28:13.443Z"}
{"level":"info","message":"[Authenticate user] => login process started","timestamp":"2024-03-21T10:54:23.682Z"}
{"level":"info","message":"[Authenticate user] => Login process successful","timestamp":"2024-03-21T10:54:24.097Z"}
{"level":"info","message":"[CreateUser] => Signup process started","timestamp":"2024-03-21T10:57:55.824Z"}
{"level":"info","message":"[CreateUser] => User with email jokotolaabiodun@gmail.com created successfully","timestamp":"2024-03-21T10:57:56.072Z"}
{"level":"info","message":"[Authenticate user] => login process started","timestamp":"2024-03-21T10:58:12.932Z"}
{"level":"info","message":"[Authenticate user] => Login process successful","timestamp":"2024-03-21T10:58:13.128Z"}
{"level":"info","message":"[Authenticate user] => login process started","timestamp":"2024-03-21T11:17:52.092Z"}
{"level":"info","message":"[Authenticate user] => Login process successful","timestamp":"2024-03-21T11:17:52.331Z"}
{"level":"info","message":"[Authenticate user] => login process started","timestamp":"2024-03-21T13:03:08.158Z"}
{"level":"info","message":"[Authenticate user] => Login process successful","timestamp":"2024-03-21T13:03:08.364Z"}
{"level":"info","message":"[Authenticate user] => login process started","timestamp":"2024-03-21T13:28:02.595Z"}
{"level":"info","message":"[Authenticate user] => Login process successful","timestamp":"2024-03-21T13:28:02.793Z"}
{"level":"info","message":"[Authenticate user] => login process started","timestamp":"2024-03-21T13:38:19.247Z"}
{"level":"info","message":"[Authenticate user] => Login process successful","timestamp":"2024-03-21T13:38:19.650Z"}
{"level":"info","message":"[Authenticate user] => login process started","timestamp":"2024-03-21T13:45:42.258Z"}
{"level":"info","message":"[Authenticate user] => Login process successful","timestamp":"2024-03-21T13:45:42.456Z"}
{"level":"info","message":"[Authenticate user] => login process started","timestamp":"2024-03-21T13:53:09.539Z"}
{"level":"info","message":"[Authenticate user] => Login process successful","timestamp":"2024-03-21T13:53:09.764Z"}
{"level":"info","message":"[Authenticate user] => login process started","timestamp":"2024-03-21T13:56:22.497Z"}
{"level":"info","message":"[Authenticate user] => Login process successful","timestamp":"2024-03-21T13:56:22.678Z"}
{"level":"info","message":"[Authenticate user] => login process started","timestamp":"2024-03-21T14:26:02.615Z"}
{"level":"info","message":"[Authenticate user] => Login process successful","timestamp":"2024-03-21T14:26:02.869Z"}
{"level":"info","message":"[Authenticate user] => login process started","timestamp":"2024-03-21T14:35:46.131Z"}
{"level":"info","message":"[Authenticate user] => Login process successful","timestamp":"2024-03-21T14:35:46.425Z"}
{"level":"info","message":"[Authenticate user] => login process started","timestamp":"2024-03-21T14:53:09.586Z"}
{"level":"info","message":"[Authenticate user] => Login process successful","timestamp":"2024-03-21T14:53:09.803Z"}
{"level":"info","message":"[Authenticate user] => login process started","timestamp":"2024-03-21T15:42:00.417Z"}
{"level":"info","message":"[Authenticate user] => Login process successful","timestamp":"2024-03-21T15:42:00.610Z"}
{"level":"info","message":"[Authenticate user] => login process started","timestamp":"2024-03-21T17:56:25.137Z"}
{"level":"info","message":"[Authenticate user] => Login process successful","timestamp":"2024-03-21T17:56:25.401Z"}
{"level":"info","message":"[Authenticate user] => login process started","timestamp":"2024-03-21T18:02:38.010Z"}
{"level":"info","message":"[Authenticate user] => Login process successful","timestamp":"2024-03-21T18:02:38.204Z"}
{"level":"info","message":"[Authenticate user] => login process started","timestamp":"2024-03-21T18:09:10.305Z"}
{"level":"info","message":"[Authenticate user] => Login process successful","timestamp":"2024-03-21T18:09:10.529Z"}
{"level":"info","message":"[Authenticate user] => login process started","timestamp":"2024-03-21T18:23:15.527Z"}
{"level":"info","message":"[Authenticate user] => Login process successful","timestamp":"2024-03-21T18:23:15.758Z"}
{"level":"info","message":"[Authenticate user] => login process started","timestamp":"2024-03-21T18:33:28.584Z"}
{"level":"info","message":"[Authenticate user] => Login process successful","timestamp":"2024-03-21T18:33:28.767Z"}
{"level":"info","message":"[Authenticate user] => login process started","timestamp":"2024-03-21T18:47:27.062Z"}
{"level":"info","message":"[Authenticate user] => Login process successful","timestamp":"2024-03-21T18:47:27.337Z"}
{"level":"info","message":"[Authenticate user] => login process started","timestamp":"2024-03-21T18:58:20.766Z"}
{"level":"info","message":"[Authenticate user] => Login process successful","timestamp":"2024-03-21T18:58:20.967Z"}
{"level":"info","message":"[Authenticate user] => login process started","timestamp":"2024-03-21T20:30:47.393Z"}
{"level":"info","message":"[Authenticate user] => Login process successful","timestamp":"2024-03-21T20:30:47.689Z"}
{"level":"info","message":"[Authenticate user] => login process started","timestamp":"2024-03-21T20:34:39.128Z"}
{"level":"info","message":"[Authenticate user] => Login process successful","timestamp":"2024-03-21T20:34:39.342Z"}
